Using pre-set license
Built from '2021.3/staging' branch; Version is '2021.3.24f1 (cf10dcf7010d) revision 13570268'; Using compiler version '192829333'; Build Type 'Release'
OS: 'Windows 10  (10.0.19045) 64bit Core' Language: 'pt' Physical Memory: 16086 MB
BatchMode: 1, IsHumanControllingUs: 0, StartBugReporterOnCrash: 0, Is64bit: 1, IsPro: 1

COMMAND LINE ARGUMENTS:
C:\Program Files\Unity\Hub\Editor\2021.3.24f1\Editor\Unity.exe
-adb2
-batchMode
-noUpm
-name
AssetImportWorker0
-projectPath
C:/UnityProjects/TI-IV_Hexdungeon
-logFile
Logs/AssetImportWorker0.log
-srvPort
58984
Successfully changed project path to: C:/UnityProjects/TI-IV_Hexdungeon
C:/UnityProjects/TI-IV_Hexdungeon
[UnityMemory] Configuration Parameters - Can be set up in boot.config
    "memorysetup-bucket-allocator-granularity=16"
    "memorysetup-bucket-allocator-bucket-count=8"
    "memorysetup-bucket-allocator-block-size=33554432"
    "memorysetup-bucket-allocator-block-count=8"
    "memorysetup-main-allocator-block-size=16777216"
    "memorysetup-thread-allocator-block-size=16777216"
    "memorysetup-gfx-main-allocator-block-size=16777216"
    "memorysetup-gfx-thread-allocator-block-size=16777216"
    "memorysetup-cache-allocator-block-size=4194304"
    "memorysetup-typetree-allocator-block-size=2097152"
    "memorysetup-profiler-bucket-allocator-granularity=16"
    "memorysetup-profiler-bucket-allocator-bucket-count=8"
    "memorysetup-profiler-bucket-allocator-block-size=33554432"
    "memorysetup-profiler-bucket-allocator-block-count=8"
    "memorysetup-profiler-allocator-block-size=16777216"
    "memorysetup-profiler-editor-allocator-block-size=1048576"
    "memorysetup-temp-allocator-size-main=16777216"
    "memorysetup-job-temp-allocator-block-size=2097152"
    "memorysetup-job-temp-allocator-block-size-background=1048576"
    "memorysetup-job-temp-allocator-reduction-small-platforms=262144"
    "memorysetup-temp-allocator-size-background-worker=32768"
    "memorysetup-temp-allocator-size-job-worker=262144"
    "memorysetup-temp-allocator-size-preload-manager=33554432"
    "memorysetup-temp-allocator-size-nav-mesh-worker=65536"
    "memorysetup-temp-allocator-size-audio-worker=65536"
    "memorysetup-temp-allocator-size-cloud-worker=32768"
    "memorysetup-temp-allocator-size-gi-baking-worker=262144"
    "memorysetup-temp-allocator-size-gfx=262144"
Player connection [15960] Host "[IP] 26.128.105.84 [Port] 0 [Flags] 2 [Guid] 3850429057 [EditorId] 3850429057 [Version] 1048832 [Id] WindowsEditor(7,Spectre-Augusto) [Debug] 1 [PackageName] WindowsEditor [ProjectName] Editor" joined multi-casting on [225.0.0.222:54997]...

Player connection [15960] Host "[IP] 26.128.105.84 [Port] 0 [Flags] 2 [Guid] 3850429057 [EditorId] 3850429057 [Version] 1048832 [Id] WindowsEditor(7,Spectre-Augusto) [Debug] 1 [PackageName] WindowsEditor [ProjectName] Editor" joined alternative multi-casting on [225.0.0.222:34997]...

Refreshing native plugins compatible for Editor in 169.90 ms, found 3 plugins.
Preloading 0 native plugins for Editor in 0.00 ms.
Initialize engine version: 2021.3.24f1 (cf10dcf7010d)
[Subsystems] Discovering subsystems at path C:/Program Files/Unity/Hub/Editor/2021.3.24f1/Editor/Data/Resources/UnitySubsystems
[Subsystems] Discovering subsystems at path C:/UnityProjects/TI-IV_Hexdungeon/Assets
GfxDevice: creating device client; threaded=0; jobified=0
Direct3D:
    Version:  Direct3D 11.0 [level 11.1]
    Renderer: NVIDIA GeForce MX150 (ID=0x1d10)
    Vendor:   NVIDIA
    VRAM:     1982 MB
    Driver:   31.0.15.2892
Initialize mono
Mono path[0] = 'C:/Program Files/Unity/Hub/Editor/2021.3.24f1/Editor/Data/Managed'
Mono path[1] = 'C:/Program Files/Unity/Hub/Editor/2021.3.24f1/Editor/Data/MonoBleedingEdge/lib/mono/unityjit-win32'
Mono config path = 'C:/Program Files/Unity/Hub/Editor/2021.3.24f1/Editor/Data/MonoBleedingEdge/etc'
Using monoOptions --debugger-agent=transport=dt_socket,embedding=1,server=y,suspend=n,address=127.0.0.1:56976
Begin MonoManager ReloadAssembly
Registering precompiled unity dll's ...
Register platform support module: C:/Program Files/Unity/Hub/Editor/2021.3.24f1/Editor/Data/PlaybackEngines/WindowsStandaloneSupport/UnityEditor.WindowsStandalone.Extensions.dll
Registered in 0.020420 seconds.
Native extension for WindowsStandalone target not found
Refreshing native plugins compatible for Editor in 167.09 ms, found 3 plugins.
Preloading 0 native plugins for Editor in 0.00 ms.
Mono: successfully reloaded assembly
- Completed reload, in  1.255 seconds
Domain Reload Profiling:
	ReloadAssembly (1256ms)
		BeginReloadAssembly (187ms)
			ExecutionOrderSort (0ms)
			DisableScriptedObjects (0ms)
			BackupInstance (0ms)
			ReleaseScriptingObjects (0ms)
			CreateAndSetChildDomain (2ms)
		EndReloadAssembly (858ms)
			LoadAssemblies (179ms)
			RebuildTransferFunctionScriptingTraits (0ms)
			SetupTypeCache (213ms)
			ReleaseScriptCaches (0ms)
			RebuildScriptCaches (48ms)
			SetupLoadedEditorAssemblies (502ms)
				LogAssemblyErrors (0ms)
				InitializePlatformSupportModulesInManaged (15ms)
				SetLoadedEditorAssemblies (1ms)
				RefreshPlugins (167ms)
				BeforeProcessingInitializeOnLoad (2ms)
				ProcessInitializeOnLoadAttributes (226ms)
				ProcessInitializeOnLoadMethodAttributes (91ms)
				AfterProcessingInitializeOnLoad (0ms)
				EditorAssembliesLoaded (0ms)
			ExecutionOrderSort2 (0ms)
			AwakeInstancesAfterBackupRestoration (0ms)
Platform modules already initialized, skipping
Registering precompiled user dll's ...
Registered in 0.012535 seconds.
Begin MonoManager ReloadAssembly
Symbol file LoadedFromMemory doesn't match image C:\UnityProjects\TI-IV_Hexdungeon\Library\PackageCache\com.unity.visualscripting@1.8.0\Editor\VisualScripting.Core\Dependencies\YamlDotNet\Unity.VisualScripting.YamlDotNet.dll
Symbol file LoadedFromMemory doesn't match image C:\UnityProjects\TI-IV_Hexdungeon\Library\PackageCache\com.unity.visualscripting@1.8.0\Editor\VisualScripting.Core\Dependencies\DotNetZip\Unity.VisualScripting.IonicZip.dll
Native extension for WindowsStandalone target not found
Refreshing native plugins compatible for Editor in 1.29 ms, found 3 plugins.
Preloading 0 native plugins for Editor in 0.00 ms.
Mono: successfully reloaded assembly
Package Manager log level set to [2]
- Completed reload, in  2.192 seconds
Domain Reload Profiling:
	ReloadAssembly (2193ms)
		BeginReloadAssembly (263ms)
			ExecutionOrderSort (0ms)
			DisableScriptedObjects (12ms)
			BackupInstance (0ms)
			ReleaseScriptingObjects (0ms)
			CreateAndSetChildDomain (31ms)
		EndReloadAssembly (1694ms)
			LoadAssemblies (206ms)
			RebuildTransferFunctionScriptingTraits (0ms)
			SetupTypeCache (470ms)
			ReleaseScriptCaches (1ms)
			RebuildScriptCaches (131ms)
			SetupLoadedEditorAssemblies (814ms)
				LogAssemblyErrors (0ms)
				InitializePlatformSupportModulesInManaged (13ms)
				SetLoadedEditorAssemblies (2ms)
				RefreshPlugins (1ms)
				BeforeProcessingInitializeOnLoad (185ms)
				ProcessInitializeOnLoadAttributes (539ms)
				ProcessInitializeOnLoadMethodAttributes (44ms)
				AfterProcessingInitializeOnLoad (28ms)
				EditorAssembliesLoaded (0ms)
			ExecutionOrderSort2 (0ms)
			AwakeInstancesAfterBackupRestoration (10ms)
Platform modules already initialized, skipping
========================================================================
Worker process is ready to serve import requests
Launched and connected shader compiler UnityShaderCompiler.exe after 0.13 seconds
Refreshing native plugins compatible for Editor in 2.10 ms, found 3 plugins.
Preloading 0 native plugins for Editor in 0.00 ms.
Unloading 3385 Unused Serialized files (Serialized files now loaded: 0)
Unloading 49 unused Assets / (134.3 KB). Loaded Objects now: 3863.
Memory consumption went from 143.2 MB to 143.1 MB.
Total: 8.984300 ms (FindLiveObjects: 0.664800 ms CreateObjectMapping: 0.489600 ms MarkObjects: 7.541400 ms  DeleteObjects: 0.286400 ms)

AssetImportParameters requested are different than current active one (requested -> active):
  custom:video-decoder-ogg-theora: a1e56fd34408186e4bbccfd4996cb3dc -> 
  custom:container-muxer-webm: aa71ff27fc2769a1b78a27578f13a17b -> 
  custom:container-demuxer-webm: 4f35f7cbe854078d1ac9338744f61a02 -> 
  custom:video-encoder-webm-vp8: eb34c28f22e8b96e1ab97ce403110664 -> 
  custom:video-codec-MediaFoundation-h265: 746d11721c4dcdbdad8f713fa42b33f4 -> 
  custom:audio-encoder-webm-vorbis: bf7c407c2cedff20999df2af8eb42d56 -> 
  custom:framework-win-MediaFoundation: 216162199b28c13a410421893ffa2e32 -> 
  custom:container-demuxer-ogg: 62fdf1f143b41e24485cea50d1cbac27 -> 
  custom:video-decoder-webm-vp8: 9c59270c3fd7afecdb556c50c9e8de78 -> 
  custom:audio-decoder-ogg-vorbis: bf7c407c2cedff20999df2af8eb42d56 -> 
========================================================================
Received Import Request.
  Time since last request: 3654.249631 seconds.
  path: Assets/Readme.asset
  artifactKey: Guid(7f2c382dc2c22446db59030979f6e495) Importer(815301076,1909f56bfc062723c751e8b465ee728b)
Start importing Assets/Readme.asset using Guid(7f2c382dc2c22446db59030979f6e495) Importer(815301076,1909f56bfc062723c751e8b465ee728b)  -> (artifact id: '3d17a924c9111fcd8d46c2db1ebc9921') in 0.108506 seconds 
========================================================================
Received Import Request.
  Time since last request: 0.000043 seconds.
  path: Assets/Images/Temp Bakcground.png
  artifactKey: Guid(4eefab226f49cae4dbbd798a62d952ef) Importer(815301076,1909f56bfc062723c751e8b465ee728b)
Start importing Assets/Images/Temp Bakcground.png using Guid(4eefab226f49cae4dbbd798a62d952ef) Importer(815301076,1909f56bfc062723c751e8b465ee728b)  -> (artifact id: 'c68148d622a06505a934ddf3a827a880') in 0.311513 seconds 
========================================================================
Received Import Request.
  Time since last request: 0.000046 seconds.
  path: Assets/Images/coollogo_com-28002705.png
  artifactKey: Guid(94bf2ad4f5fd98f40ad9099bf792a405) Importer(815301076,1909f56bfc062723c751e8b465ee728b)
Start importing Assets/Images/coollogo_com-28002705.png using Guid(94bf2ad4f5fd98f40ad9099bf792a405) Importer(815301076,1909f56bfc062723c751e8b465ee728b)  -> (artifact id: 'b381faefe00334f2c22971c2e4fb9acf') in 0.055215 seconds 
========================================================================
Received Import Request.
  Time since last request: 0.000055 seconds.
  path: Assets/Images
  artifactKey: Guid(e9ccd5d68d683c94a848afc187ed4d5a) Importer(815301076,1909f56bfc062723c751e8b465ee728b)
Start importing Assets/Images using Guid(e9ccd5d68d683c94a848afc187ed4d5a) Importer(815301076,1909f56bfc062723c751e8b465ee728b)  -> (artifact id: '62e8dd89f2bfe80c284af1995d96bdd6') in 0.052298 seconds 
========================================================================
Received Import Request.
  Time since last request: 2.995541 seconds.
  path: Assets/Images/Back.png
  artifactKey: Guid(406ab87fdefab254cb25b0f7a227a195) Importer(815301076,1909f56bfc062723c751e8b465ee728b)
Start importing Assets/Images/Back.png using Guid(406ab87fdefab254cb25b0f7a227a195) Importer(815301076,1909f56bfc062723c751e8b465ee728b)  -> (artifact id: '8e46c60c35899cad0d82714e3c3838a4') in 0.023632 seconds 
========================================================================
Received Import Request.
  Time since last request: 0.000050 seconds.
  path: Assets/Images/SFX.png
  artifactKey: Guid(93319467f6794034bbf22164f2ccf6e2) Importer(815301076,1909f56bfc062723c751e8b465ee728b)
Start importing Assets/Images/SFX.png using Guid(93319467f6794034bbf22164f2ccf6e2) Importer(815301076,1909f56bfc062723c751e8b465ee728b)  -> (artifact id: '96a5177c8666e30e3b87783e29bfa8af') in 0.026150 seconds 
========================================================================
Received Import Request.
  Time since last request: 0.000053 seconds.
  path: Assets/Images/MVolume.png
  artifactKey: Guid(bb78a218cce8c2e42b8911e61f954349) Importer(815301076,1909f56bfc062723c751e8b465ee728b)
Start importing Assets/Images/MVolume.png using Guid(bb78a218cce8c2e42b8911e61f954349) Importer(815301076,1909f56bfc062723c751e8b465ee728b)  -> (artifact id: '3cdf6fa355a9d138dfa499f03f6d196c') in 0.023860 seconds 
========================================================================
Received Import Request.
  Time since last request: 31.427771 seconds.
  path: Assets/Images/SFX.png
  artifactKey: Guid(93319467f6794034bbf22164f2ccf6e2) Importer(815301076,1909f56bfc062723c751e8b465ee728b)
Start importing Assets/Images/SFX.png using Guid(93319467f6794034bbf22164f2ccf6e2) Importer(815301076,1909f56bfc062723c751e8b465ee728b)  -> (artifact id: '108971b0d530047f2bef4aa49ad3c18d') in 0.023071 seconds 
========================================================================
Received Import Request.
  Time since last request: 13.154815 seconds.
  path: Assets/Images/GQuality.png
  artifactKey: Guid(8aae5fadeae2fc14aac8c4c5fded089f) Importer(815301076,1909f56bfc062723c751e8b465ee728b)
Start importing Assets/Images/GQuality.png using Guid(8aae5fadeae2fc14aac8c4c5fded089f) Importer(815301076,1909f56bfc062723c751e8b465ee728b)  -> (artifact id: 'e7b86ebbd093a0297b0024bdd2ae2b94') in 0.036547 seconds 
========================================================================
Received Import Request.
  Time since last request: 0.034793 seconds.
  path: Assets/Images/Back.png
  artifactKey: Guid(406ab87fdefab254cb25b0f7a227a195) Importer(815301076,1909f56bfc062723c751e8b465ee728b)
Start importing Assets/Images/Back.png using Guid(406ab87fdefab254cb25b0f7a227a195) Importer(815301076,1909f56bfc062723c751e8b465ee728b)  -> (artifact id: '627df08ffd0a13eb2b8d4fa0324b91da') in 0.040471 seconds 
========================================================================
Received Import Request.
  Time since last request: 0.000035 seconds.
  path: Assets/Images/GQLow.png
  artifactKey: Guid(dc4025347c760a34f86a505292b90401) Importer(815301076,1909f56bfc062723c751e8b465ee728b)
Start importing Assets/Images/GQLow.png using Guid(dc4025347c760a34f86a505292b90401) Importer(815301076,1909f56bfc062723c751e8b465ee728b)  -> (artifact id: '926d7b8b729ef9a9ce5106e0a48f270b') in 0.037670 seconds 
========================================================================
Received Prepare
Registering precompiled user dll's ...
Registered in 0.010851 seconds.
Begin MonoManager ReloadAssembly
Symbol file LoadedFromMemory doesn't match image C:\UnityProjects\TI-IV_Hexdungeon\Library\PackageCache\com.unity.visualscripting@1.8.0\Editor\VisualScripting.Core\Dependencies\YamlDotNet\Unity.VisualScripting.YamlDotNet.dll
Symbol file LoadedFromMemory doesn't match image C:\UnityProjects\TI-IV_Hexdungeon\Library\PackageCache\com.unity.visualscripting@1.8.0\Editor\VisualScripting.Core\Dependencies\DotNetZip\Unity.VisualScripting.IonicZip.dll
Native extension for WindowsStandalone target not found
Refreshing native plugins compatible for Editor in 1.10 ms, found 3 plugins.
Preloading 0 native plugins for Editor in 0.00 ms.
Mono: successfully reloaded assembly
- Completed reload, in  2.305 seconds
Domain Reload Profiling:
	ReloadAssembly (2307ms)
		BeginReloadAssembly (282ms)
			ExecutionOrderSort (0ms)
			DisableScriptedObjects (9ms)
			BackupInstance (0ms)
			ReleaseScriptingObjects (0ms)
			CreateAndSetChildDomain (58ms)
		EndReloadAssembly (1791ms)
			LoadAssemblies (206ms)
			RebuildTransferFunctionScriptingTraits (0ms)
			SetupTypeCache (503ms)
			ReleaseScriptCaches (2ms)
			RebuildScriptCaches (112ms)
			SetupLoadedEditorAssemblies (866ms)
				LogAssemblyErrors (0ms)
				InitializePlatformSupportModulesInManaged (16ms)
				SetLoadedEditorAssemblies (1ms)
				RefreshPlugins (1ms)
				BeforeProcessingInitializeOnLoad (188ms)
				ProcessInitializeOnLoadAttributes (564ms)
				ProcessInitializeOnLoadMethodAttributes (59ms)
				AfterProcessingInitializeOnLoad (36ms)
				EditorAssembliesLoaded (1ms)
			ExecutionOrderSort2 (0ms)
			AwakeInstancesAfterBackupRestoration (20ms)
Platform modules already initialized, skipping
Refreshing native plugins compatible for Editor in 9.69 ms, found 3 plugins.
Preloading 0 native plugins for Editor in 0.00 ms.
Unloading 3367 Unused Serialized files (Serialized files now loaded: 0)
Unloading 31 unused Assets / (128.0 KB). Loaded Objects now: 3901.
Memory consumption went from 145.7 MB to 145.6 MB.
Total: 9.276600 ms (FindLiveObjects: 0.680700 ms CreateObjectMapping: 0.450500 ms MarkObjects: 7.941200 ms  DeleteObjects: 0.202100 ms)

AssetImportParameters requested are different than current active one (requested -> active):
  custom:video-decoder-ogg-theora: a1e56fd34408186e4bbccfd4996cb3dc -> 
  custom:container-muxer-webm: aa71ff27fc2769a1b78a27578f13a17b -> 
  custom:container-demuxer-webm: 4f35f7cbe854078d1ac9338744f61a02 -> 
  custom:video-encoder-webm-vp8: eb34c28f22e8b96e1ab97ce403110664 -> 
  custom:video-codec-MediaFoundation-h265: 746d11721c4dcdbdad8f713fa42b33f4 -> 
  custom:audio-encoder-webm-vorbis: bf7c407c2cedff20999df2af8eb42d56 -> 
  custom:framework-win-MediaFoundation: 216162199b28c13a410421893ffa2e32 -> 
  custom:container-demuxer-ogg: 62fdf1f143b41e24485cea50d1cbac27 -> 
  custom:video-decoder-webm-vp8: 9c59270c3fd7afecdb556c50c9e8de78 -> 
  custom:audio-decoder-ogg-vorbis: bf7c407c2cedff20999df2af8eb42d56 -> 
========================================================================
Received Prepare
Registering precompiled user dll's ...
Registered in 0.010520 seconds.
Begin MonoManager ReloadAssembly
Symbol file LoadedFromMemory doesn't match image C:\UnityProjects\TI-IV_Hexdungeon\Library\PackageCache\com.unity.visualscripting@1.8.0\Editor\VisualScripting.Core\Dependencies\YamlDotNet\Unity.VisualScripting.YamlDotNet.dll
Symbol file LoadedFromMemory doesn't match image C:\UnityProjects\TI-IV_Hexdungeon\Library\PackageCache\com.unity.visualscripting@1.8.0\Editor\VisualScripting.Core\Dependencies\DotNetZip\Unity.VisualScripting.IonicZip.dll
Native extension for WindowsStandalone target not found
Refreshing native plugins compatible for Editor in 1.91 ms, found 3 plugins.
Preloading 0 native plugins for Editor in 0.00 ms.
Mono: successfully reloaded assembly
- Completed reload, in  2.315 seconds
Domain Reload Profiling:
	ReloadAssembly (2316ms)
		BeginReloadAssembly (274ms)
			ExecutionOrderSort (0ms)
			DisableScriptedObjects (9ms)
			BackupInstance (0ms)
			ReleaseScriptingObjects (0ms)
			CreateAndSetChildDomain (60ms)
		EndReloadAssembly (1816ms)
			LoadAssemblies (199ms)
			RebuildTransferFunctionScriptingTraits (0ms)
			SetupTypeCache (571ms)
			ReleaseScriptCaches (2ms)
			RebuildScriptCaches (123ms)
			SetupLoadedEditorAssemblies (819ms)
				LogAssemblyErrors (0ms)
				InitializePlatformSupportModulesInManaged (17ms)
				SetLoadedEditorAssemblies (1ms)
				RefreshPlugins (2ms)
				BeforeProcessingInitializeOnLoad (189ms)
				ProcessInitializeOnLoadAttributes (526ms)
				ProcessInitializeOnLoadMethodAttributes (50ms)
				AfterProcessingInitializeOnLoad (34ms)
				EditorAssembliesLoaded (0ms)
			ExecutionOrderSort2 (0ms)
			AwakeInstancesAfterBackupRestoration (17ms)
Platform modules already initialized, skipping
Refreshing native plugins compatible for Editor in 10.56 ms, found 3 plugins.
Preloading 0 native plugins for Editor in 0.00 ms.
Unloading 3367 Unused Serialized files (Serialized files now loaded: 0)
Unloading 31 unused Assets / (129.0 KB). Loaded Objects now: 3916.
Memory consumption went from 145.7 MB to 145.6 MB.
Total: 7.266400 ms (FindLiveObjects: 0.698200 ms CreateObjectMapping: 0.471000 ms MarkObjects: 5.871400 ms  DeleteObjects: 0.224000 ms)

AssetImportParameters requested are different than current active one (requested -> active):
  custom:video-decoder-ogg-theora: a1e56fd34408186e4bbccfd4996cb3dc -> 
  custom:container-muxer-webm: aa71ff27fc2769a1b78a27578f13a17b -> 
  custom:container-demuxer-webm: 4f35f7cbe854078d1ac9338744f61a02 -> 
  custom:video-encoder-webm-vp8: eb34c28f22e8b96e1ab97ce403110664 -> 
  custom:video-codec-MediaFoundation-h265: 746d11721c4dcdbdad8f713fa42b33f4 -> 
  custom:audio-encoder-webm-vorbis: bf7c407c2cedff20999df2af8eb42d56 -> 
  custom:framework-win-MediaFoundation: 216162199b28c13a410421893ffa2e32 -> 
  custom:container-demuxer-ogg: 62fdf1f143b41e24485cea50d1cbac27 -> 
  custom:video-decoder-webm-vp8: 9c59270c3fd7afecdb556c50c9e8de78 -> 
  custom:audio-decoder-ogg-vorbis: bf7c407c2cedff20999df2af8eb42d56 -> 
========================================================================
Received Prepare
Registering precompiled user dll's ...
Registered in 0.011410 seconds.
Begin MonoManager ReloadAssembly
Symbol file LoadedFromMemory doesn't match image C:\UnityProjects\TI-IV_Hexdungeon\Library\PackageCache\com.unity.visualscripting@1.8.0\Editor\VisualScripting.Core\Dependencies\YamlDotNet\Unity.VisualScripting.YamlDotNet.dll
Symbol file LoadedFromMemory doesn't match image C:\UnityProjects\TI-IV_Hexdungeon\Library\PackageCache\com.unity.visualscripting@1.8.0\Editor\VisualScripting.Core\Dependencies\DotNetZip\Unity.VisualScripting.IonicZip.dll
Native extension for WindowsStandalone target not found
Refreshing native plugins compatible for Editor in 1.17 ms, found 3 plugins.
Preloading 0 native plugins for Editor in 0.00 ms.
Mono: successfully reloaded assembly
- Completed reload, in  2.216 seconds
Domain Reload Profiling:
	ReloadAssembly (2217ms)
		BeginReloadAssembly (256ms)
			ExecutionOrderSort (0ms)
			DisableScriptedObjects (8ms)
			BackupInstance (0ms)
			ReleaseScriptingObjects (0ms)
			CreateAndSetChildDomain (51ms)
		EndReloadAssembly (1753ms)
			LoadAssemblies (185ms)
			RebuildTransferFunctionScriptingTraits (0ms)
			SetupTypeCache (512ms)
			ReleaseScriptCaches (2ms)
			RebuildScriptCaches (114ms)
			SetupLoadedEditorAssemblies (851ms)
				LogAssemblyErrors (0ms)
				InitializePlatformSupportModulesInManaged (18ms)
				SetLoadedEditorAssemblies (1ms)
				RefreshPlugins (1ms)
				BeforeProcessingInitializeOnLoad (189ms)
				ProcessInitializeOnLoadAttributes (562ms)
				ProcessInitializeOnLoadMethodAttributes (49ms)
				AfterProcessingInitializeOnLoad (31ms)
				EditorAssembliesLoaded (0ms)
			ExecutionOrderSort2 (0ms)
			AwakeInstancesAfterBackupRestoration (13ms)
Platform modules already initialized, skipping
Refreshing native plugins compatible for Editor in 10.17 ms, found 3 plugins.
Preloading 0 native plugins for Editor in 0.00 ms.
Unloading 3367 Unused Serialized files (Serialized files now loaded: 0)
Unloading 31 unused Assets / (128.0 KB). Loaded Objects now: 3931.
Memory consumption went from 145.7 MB to 145.6 MB.
Total: 6.060900 ms (FindLiveObjects: 0.554500 ms CreateObjectMapping: 0.382300 ms MarkObjects: 4.912200 ms  DeleteObjects: 0.210200 ms)

AssetImportParameters requested are different than current active one (requested -> active):
  custom:video-decoder-ogg-theora: a1e56fd34408186e4bbccfd4996cb3dc -> 
  custom:container-muxer-webm: aa71ff27fc2769a1b78a27578f13a17b -> 
  custom:container-demuxer-webm: 4f35f7cbe854078d1ac9338744f61a02 -> 
  custom:video-encoder-webm-vp8: eb34c28f22e8b96e1ab97ce403110664 -> 
  custom:video-codec-MediaFoundation-h265: 746d11721c4dcdbdad8f713fa42b33f4 -> 
  custom:audio-encoder-webm-vorbis: bf7c407c2cedff20999df2af8eb42d56 -> 
  custom:framework-win-MediaFoundation: 216162199b28c13a410421893ffa2e32 -> 
  custom:container-demuxer-ogg: 62fdf1f143b41e24485cea50d1cbac27 -> 
  custom:video-decoder-webm-vp8: 9c59270c3fd7afecdb556c50c9e8de78 -> 
  custom:audio-decoder-ogg-vorbis: bf7c407c2cedff20999df2af8eb42d56 -> 
========================================================================
Received Import Request.
  Time since last request: 1006.352341 seconds.
  path: Assets/Scripts
  artifactKey: Guid(f5d45b34df9d7af41a2deef6cb1c798c) Importer(815301076,1909f56bfc062723c751e8b465ee728b)
Start importing Assets/Scripts using Guid(f5d45b34df9d7af41a2deef6cb1c798c) Importer(815301076,1909f56bfc062723c751e8b465ee728b)  -> (artifact id: '37317aea77fd8bd52662be0639292a3b') in 0.022620 seconds 
========================================================================
Received Import Request.
  Time since last request: 2.330207 seconds.
  path: Assets/Scripts/MainMenu
  artifactKey: Guid(23f3e11c556abd1498506e7a240b2359) Importer(815301076,1909f56bfc062723c751e8b465ee728b)
Start importing Assets/Scripts/MainMenu using Guid(23f3e11c556abd1498506e7a240b2359) Importer(815301076,1909f56bfc062723c751e8b465ee728b)  -> (artifact id: 'a3686f158473b854b1d7051a0f1f3790') in 0.008740 seconds 
========================================================================
Received Import Request.
  Time since last request: 14.249750 seconds.
  path: Assets/Scripts/MainMenu/SoundSliders.cs
  artifactKey: Guid(6e1839259686f854e80d6a9be334b388) Importer(815301076,1909f56bfc062723c751e8b465ee728b)
Start importing Assets/Scripts/MainMenu/SoundSliders.cs using Guid(6e1839259686f854e80d6a9be334b388) Importer(815301076,1909f56bfc062723c751e8b465ee728b)  -> (artifact id: '73811d0dda6a5a865c0a9cd135362964') in 0.030293 seconds 
========================================================================
Received Prepare
Registering precompiled user dll's ...
Registered in 0.012613 seconds.
Begin MonoManager ReloadAssembly
Symbol file LoadedFromMemory doesn't match image C:\UnityProjects\TI-IV_Hexdungeon\Library\PackageCache\com.unity.visualscripting@1.8.0\Editor\VisualScripting.Core\Dependencies\YamlDotNet\Unity.VisualScripting.YamlDotNet.dll
Symbol file LoadedFromMemory doesn't match image C:\UnityProjects\TI-IV_Hexdungeon\Library\PackageCache\com.unity.visualscripting@1.8.0\Editor\VisualScripting.Core\Dependencies\DotNetZip\Unity.VisualScripting.IonicZip.dll
Native extension for WindowsStandalone target not found
Refreshing native plugins compatible for Editor in 1.51 ms, found 3 plugins.
Preloading 0 native plugins for Editor in 0.00 ms.
Mono: successfully reloaded assembly
- Completed reload, in  1.862 seconds
Domain Reload Profiling:
	ReloadAssembly (1863ms)
		BeginReloadAssembly (272ms)
			ExecutionOrderSort (0ms)
			DisableScriptedObjects (9ms)
			BackupInstance (0ms)
			ReleaseScriptingObjects (0ms)
			CreateAndSetChildDomain (57ms)
		EndReloadAssembly (1344ms)
			LoadAssemblies (206ms)
			RebuildTransferFunctionScriptingTraits (0ms)
			SetupTypeCache (422ms)
			ReleaseScriptCaches (2ms)
			RebuildScriptCaches (70ms)
			SetupLoadedEditorAssemblies (601ms)
				LogAssemblyErrors (0ms)
				InitializePlatformSupportModulesInManaged (11ms)
				SetLoadedEditorAssemblies (1ms)
				RefreshPlugins (2ms)
				BeforeProcessingInitializeOnLoad (150ms)
				ProcessInitializeOnLoadAttributes (373ms)
				ProcessInitializeOnLoadMethodAttributes (42ms)
				AfterProcessingInitializeOnLoad (22ms)
				EditorAssembliesLoaded (0ms)
			ExecutionOrderSort2 (0ms)
			AwakeInstancesAfterBackupRestoration (10ms)
Platform modules already initialized, skipping
Refreshing native plugins compatible for Editor in 7.39 ms, found 3 plugins.
Preloading 0 native plugins for Editor in 0.00 ms.
Unloading 3368 Unused Serialized files (Serialized files now loaded: 0)
Unloading 31 unused Assets / (128.0 KB). Loaded Objects now: 3947.
Memory consumption went from 145.8 MB to 145.7 MB.
Total: 4.188500 ms (FindLiveObjects: 0.371100 ms CreateObjectMapping: 0.242400 ms MarkObjects: 3.437400 ms  DeleteObjects: 0.136600 ms)

AssetImportParameters requested are different than current active one (requested -> active):
  custom:video-decoder-ogg-theora: a1e56fd34408186e4bbccfd4996cb3dc -> 
  custom:container-muxer-webm: aa71ff27fc2769a1b78a27578f13a17b -> 
  custom:container-demuxer-webm: 4f35f7cbe854078d1ac9338744f61a02 -> 
  custom:video-encoder-webm-vp8: eb34c28f22e8b96e1ab97ce403110664 -> 
  custom:video-codec-MediaFoundation-h265: 746d11721c4dcdbdad8f713fa42b33f4 -> 
  custom:audio-encoder-webm-vorbis: bf7c407c2cedff20999df2af8eb42d56 -> 
  custom:framework-win-MediaFoundation: 216162199b28c13a410421893ffa2e32 -> 
  custom:container-demuxer-ogg: 62fdf1f143b41e24485cea50d1cbac27 -> 
  custom:video-decoder-webm-vp8: 9c59270c3fd7afecdb556c50c9e8de78 -> 
  custom:audio-decoder-ogg-vorbis: bf7c407c2cedff20999df2af8eb42d56 -> 
========================================================================
Received Import Request.
  Time since last request: 25.991004 seconds.
  path: Assets/Scripts/MainMenu/MainMenu.cs
  artifactKey: Guid(7fbcc088b50f5aa4da0f8cd979f10846) Importer(815301076,1909f56bfc062723c751e8b465ee728b)
Start importing Assets/Scripts/MainMenu/MainMenu.cs using Guid(7fbcc088b50f5aa4da0f8cd979f10846) Importer(815301076,1909f56bfc062723c751e8b465ee728b)  -> (artifact id: '02c6cdc0a362d8dbc7c7ff7fe36bd6cd') in 0.009613 seconds 
========================================================================
Received Import Request.
  Time since last request: 866.314037 seconds.
  path: Assets/Scripts/MainMenu/SoundSliders.cs
  artifactKey: Guid(6e1839259686f854e80d6a9be334b388) Importer(815301076,1909f56bfc062723c751e8b465ee728b)
Start importing Assets/Scripts/MainMenu/SoundSliders.cs using Guid(6e1839259686f854e80d6a9be334b388) Importer(815301076,1909f56bfc062723c751e8b465ee728b)  -> (artifact id: '873b78c79aaebe45f45f0bbcd8928656') in 0.008484 seconds 
========================================================================
Received Import Request.
  Time since last request: 33.779460 seconds.
  path: Assets/Prefabs/asoliddev - Low Poly Dynamic Skeleton/Models/skeleton.fbx
  artifactKey: Guid(bb83b53305e72b7498fe95a42fca55ae) Importer(815301076,1909f56bfc062723c751e8b465ee728b)
Start importing Assets/Prefabs/asoliddev - Low Poly Dynamic Skeleton/Models/skeleton.fbx using Guid(bb83b53305e72b7498fe95a42fca55ae) Importer(815301076,1909f56bfc062723c751e8b465ee728b)  -> (artifact id: 'c47c20aa300959ce49d5d6a6366c02d0') in 0.495371 seconds 
========================================================================
Received Import Request.
  Time since last request: 0.000030 seconds.
  path: Assets/Prefabs/DungeonFreeVersion/Textures/_FireCandle.png
  artifactKey: Guid(c3ec948d2f9b2bf49a623b8c1f26039a) Importer(815301076,1909f56bfc062723c751e8b465ee728b)
Start importing Assets/Prefabs/DungeonFreeVersion/Textures/_FireCandle.png using Guid(c3ec948d2f9b2bf49a623b8c1f26039a) Importer(815301076,1909f56bfc062723c751e8b465ee728b)  -> (artifact id: '7a9d39853a4bddc2eb8e5a23a3ff591f') in 0.048698 seconds 
========================================================================
Received Import Request.
  Time since last request: 0.000070 seconds.
  path: Assets/Prefabs/DungeonFreeVersion/Prefabs/_BoxOpen.prefab
  artifactKey: Guid(e76d265c296c4dd4eaf315d1c4eebf15) Importer(815301076,1909f56bfc062723c751e8b465ee728b)
Start importing Assets/Prefabs/DungeonFreeVersion/Prefabs/_BoxOpen.prefab using Guid(e76d265c296c4dd4eaf315d1c4eebf15) Importer(815301076,1909f56bfc062723c751e8b465ee728b)  -> (artifact id: '79c7a5ac3438c7c81ce8b33d15f21ec0') in 0.031102 seconds 
========================================================================
Received Import Request.
  Time since last request: 0.000035 seconds.
  path: Assets/Prefabs/DungeonFreeVersion/Materials/_Plane.mat
  artifactKey: Guid(95066cd004d559044a3a5c13847d06c8) Importer(815301076,1909f56bfc062723c751e8b465ee728b)
Start importing Assets/Prefabs/DungeonFreeVersion/Materials/_Plane.mat using Guid(95066cd004d559044a3a5c13847d06c8) Importer(815301076,1909f56bfc062723c751e8b465ee728b)  -> (artifact id: '44e625e8762b02131d6413a7f4130593') in 0.042324 seconds 
========================================================================
Received Import Request.
  Time since last request: 0.000040 seconds.
  path: Assets/Prefabs/DungeonFreeVersion/Prefabs/_FloorRock.prefab
  artifactKey: Guid(c61063d231c1a2d4bb1dd06a0a00891a) Importer(815301076,1909f56bfc062723c751e8b465ee728b)
Start importing Assets/Prefabs/DungeonFreeVersion/Prefabs/_FloorRock.prefab using Guid(c61063d231c1a2d4bb1dd06a0a00891a) Importer(815301076,1909f56bfc062723c751e8b465ee728b)  -> (artifact id: '8019fa479fcd5118a34a4872b8dc4e6a') in 0.029991 seconds 
========================================================================
Received Import Request.
  Time since last request: 0.000027 seconds.
  path: Assets/Prefabs/DungeonFreeVersion/Textures/_Floor.png
  artifactKey: Guid(9e71fcace9211b24481df29d99550dc9) Importer(815301076,1909f56bfc062723c751e8b465ee728b)
Start importing Assets/Prefabs/DungeonFreeVersion/Textures/_Floor.png using Guid(9e71fcace9211b24481df29d99550dc9) Importer(815301076,1909f56bfc062723c751e8b465ee728b)  -> (artifact id: '59f5f7c6d528202c43a6c95acd528577') in 0.035336 seconds 
========================================================================
Received Import Request.
  Time since last request: 0.000033 seconds.
  path: Assets/Prefabs/DungeonFreeVersion/Materials/_Barrel 1.mat
  artifactKey: Guid(f2626e7cd62c970449178d158c1df709) Importer(815301076,1909f56bfc062723c751e8b465ee728b)
Start importing Assets/Prefabs/DungeonFreeVersion/Materials/_Barrel 1.mat using Guid(f2626e7cd62c970449178d158c1df709) Importer(815301076,1909f56bfc062723c751e8b465ee728b)  -> (artifact id: '3d043a5d48a3debe3415acd52dba1ef1') in 0.032393 seconds 
========================================================================
Received Import Request.
  Time since last request: 0.000045 seconds.
  path: Assets/Prefabs/DungeonFreeVersion/Prefabs/_Beam.prefab
  artifactKey: Guid(92daf0a8c08653f4f8e79a0318a99c88) Importer(815301076,1909f56bfc062723c751e8b465ee728b)
Start importing Assets/Prefabs/DungeonFreeVersion/Prefabs/_Beam.prefab using Guid(92daf0a8c08653f4f8e79a0318a99c88) Importer(815301076,1909f56bfc062723c751e8b465ee728b)  -> (artifact id: '14a1116d4ce02853b557e08bf0b4aab2') in 0.029073 seconds 
========================================================================
Received Import Request.
  Time since last request: 0.000055 seconds.
  path: Assets/Prefabs/DungeonFreeVersion/Materials/_Ladder.mat
  artifactKey: Guid(b471fff9c378a0b4f9f5fe16fc3be209) Importer(815301076,1909f56bfc062723c751e8b465ee728b)
Start importing Assets/Prefabs/DungeonFreeVersion/Materials/_Ladder.mat using Guid(b471fff9c378a0b4f9f5fe16fc3be209) Importer(815301076,1909f56bfc062723c751e8b465ee728b)  -> (artifact id: 'd4340d97654cba32f0d06178bafbc714') in 0.020598 seconds 
========================================================================
Received Import Request.
  Time since last request: 0.000026 seconds.
  path: Assets/Prefabs/DungeonFreeVersion/Textures/_Ladder.png
  artifactKey: Guid(483438a03277db54ea541ac221424057) Importer(815301076,1909f56bfc062723c751e8b465ee728b)
Start importing Assets/Prefabs/DungeonFreeVersion/Textures/_Ladder.png using Guid(483438a03277db54ea541ac221424057) Importer(815301076,1909f56bfc062723c751e8b465ee728b)  -> (artifact id: 'caccf59be4654636dd56913e5147341e') in 0.022486 seconds 
========================================================================
Received Import Request.
  Time since last request: 238.921935 seconds.
  path: Assets/Scripts/MainMenu/SoundSliders.cs
  artifactKey: Guid(6e1839259686f854e80d6a9be334b388) Importer(815301076,1909f56bfc062723c751e8b465ee728b)
Start importing Assets/Scripts/MainMenu/SoundSliders.cs using Guid(6e1839259686f854e80d6a9be334b388) Importer(815301076,1909f56bfc062723c751e8b465ee728b)  -> (artifact id: '1f86d967ed6e068e03a55244eb3d9953') in 0.004823 seconds 
========================================================================
Received Prepare
Registering precompiled user dll's ...
Registered in 0.025687 seconds.
Begin MonoManager ReloadAssembly
Symbol file LoadedFromMemory doesn't match image C:\UnityProjects\TI-IV_Hexdungeon\Library\PackageCache\com.unity.visualscripting@1.8.0\Editor\VisualScripting.Core\Dependencies\YamlDotNet\Unity.VisualScripting.YamlDotNet.dll
Symbol file LoadedFromMemory doesn't match image C:\UnityProjects\TI-IV_Hexdungeon\Library\PackageCache\com.unity.visualscripting@1.8.0\Editor\VisualScripting.Core\Dependencies\DotNetZip\Unity.VisualScripting.IonicZip.dll
Native extension for WindowsStandalone target not found
Refreshing native plugins compatible for Editor in 1.17 ms, found 3 plugins.
Preloading 0 native plugins for Editor in 0.00 ms.
Mono: successfully reloaded assembly
- Completed reload, in  2.345 seconds
Domain Reload Profiling:
	ReloadAssembly (2346ms)
		BeginReloadAssembly (577ms)
			ExecutionOrderSort (0ms)
			DisableScriptedObjects (18ms)
			BackupInstance (0ms)
			ReleaseScriptingObjects (0ms)
			CreateAndSetChildDomain (132ms)
		EndReloadAssembly (1450ms)
			LoadAssemblies (292ms)
			RebuildTransferFunctionScriptingTraits (0ms)
			SetupTypeCache (482ms)
			ReleaseScriptCaches (2ms)
			RebuildScriptCaches (92ms)
			SetupLoadedEditorAssemblies (631ms)
				LogAssemblyErrors (0ms)
				InitializePlatformSupportModulesInManaged (12ms)
				SetLoadedEditorAssemblies (1ms)
				RefreshPlugins (1ms)
				BeforeProcessingInitializeOnLoad (143ms)
				ProcessInitializeOnLoadAttributes (411ms)
				ProcessInitializeOnLoadMethodAttributes (39ms)
				AfterProcessingInitializeOnLoad (24ms)
				EditorAssembliesLoaded (0ms)
			ExecutionOrderSort2 (0ms)
			AwakeInstancesAfterBackupRestoration (15ms)
Platform modules already initialized, skipping
Refreshing native plugins compatible for Editor in 11.10 ms, found 3 plugins.
Preloading 0 native plugins for Editor in 0.00 ms.
Unloading 3368 Unused Serialized files (Serialized files now loaded: 0)
Unloading 31 unused Assets / (128.1 KB). Loaded Objects now: 4005.
Memory consumption went from 158.9 MB to 158.8 MB.
Total: 8.061800 ms (FindLiveObjects: 0.397600 ms CreateObjectMapping: 0.278600 ms MarkObjects: 7.186100 ms  DeleteObjects: 0.198100 ms)

AssetImportParameters requested are different than current active one (requested -> active):
  custom:video-decoder-ogg-theora: a1e56fd34408186e4bbccfd4996cb3dc -> 
  custom:container-muxer-webm: aa71ff27fc2769a1b78a27578f13a17b -> 
  custom:container-demuxer-webm: 4f35f7cbe854078d1ac9338744f61a02 -> 
  custom:video-encoder-webm-vp8: eb34c28f22e8b96e1ab97ce403110664 -> 
  custom:video-codec-MediaFoundation-h265: 746d11721c4dcdbdad8f713fa42b33f4 -> 
  custom:audio-encoder-webm-vorbis: bf7c407c2cedff20999df2af8eb42d56 -> 
  custom:framework-win-MediaFoundation: 216162199b28c13a410421893ffa2e32 -> 
  custom:container-demuxer-ogg: 62fdf1f143b41e24485cea50d1cbac27 -> 
  custom:video-decoder-webm-vp8: 9c59270c3fd7afecdb556c50c9e8de78 -> 
  custom:audio-decoder-ogg-vorbis: bf7c407c2cedff20999df2af8eb42d56 -> 
========================================================================
Received Import Request.
  Time since last request: 326.021861 seconds.
  path: Assets/Prefabs/DungeonFreeVersion/Prefabs/_Plane.prefab
  artifactKey: Guid(d808a023680252344871efe6c7d1dd1c) Importer(815301076,1909f56bfc062723c751e8b465ee728b)
Start importing Assets/Prefabs/DungeonFreeVersion/Prefabs/_Plane.prefab using Guid(d808a023680252344871efe6c7d1dd1c) Importer(815301076,1909f56bfc062723c751e8b465ee728b)  -> (artifact id: '085880f27a333eb2eb49fb86c19a1d49') in 0.129976 seconds 
========================================================================
Received Import Request.
  Time since last request: 0.000033 seconds.
  path: Assets/Prefabs/DungeonFreeVersion/Textures/_WallCandles.png
  artifactKey: Guid(79f843043b353194aaef2ca010c4ec61) Importer(815301076,1909f56bfc062723c751e8b465ee728b)
Start importing Assets/Prefabs/DungeonFreeVersion/Textures/_WallCandles.png using Guid(79f843043b353194aaef2ca010c4ec61) Importer(815301076,1909f56bfc062723c751e8b465ee728b)  -> (artifact id: '4dd140d3fb09c585206abb120a97ff81') in 0.048674 seconds 
========================================================================
Received Import Request.
  Time since last request: 0.000036 seconds.
  path: Assets/Prefabs/DungeonFreeVersion/Prefabs/_WallCandles.prefab
  artifactKey: Guid(5c6ad4bd4d852e247977bbe07e39adb1) Importer(815301076,1909f56bfc062723c751e8b465ee728b)
Start importing Assets/Prefabs/DungeonFreeVersion/Prefabs/_WallCandles.prefab using Guid(5c6ad4bd4d852e247977bbe07e39adb1) Importer(815301076,1909f56bfc062723c751e8b465ee728b)  -> (artifact id: 'cff8530fb67fa71f37dc6a90cd5957a3') in 0.040178 seconds 
========================================================================
Received Import Request.
  Time since last request: 0.000028 seconds.
  path: Assets/Prefabs/DungeonFreeVersion/Materials/_Plane 1.mat
  artifactKey: Guid(c5ed9201af68ca444858c1323da8cd23) Importer(815301076,1909f56bfc062723c751e8b465ee728b)
Start importing Assets/Prefabs/DungeonFreeVersion/Materials/_Plane 1.mat using Guid(c5ed9201af68ca444858c1323da8cd23) Importer(815301076,1909f56bfc062723c751e8b465ee728b)  -> (artifact id: '3b9b9640beee63f99ce1729de082d630') in 0.094929 seconds 
========================================================================
Received Import Request.
  Time since last request: 0.000038 seconds.
  path: Packages/com.unity.adaptiveperformance/Editor/Profiler/AdaptivePerformanceDetailsView.uss
  artifactKey: Guid(a29138bb0cc4f470eba51aa76bb9dd72) Importer(815301076,1909f56bfc062723c751e8b465ee728b)
Start importing Packages/com.unity.adaptiveperformance/Editor/Profiler/AdaptivePerformanceDetailsView.uss using Guid(a29138bb0cc4f470eba51aa76bb9dd72) Importer(815301076,1909f56bfc062723c751e8b465ee728b)  -> (artifact id: 'ae45f9b538a2d8ddf300843f559afd52') in 0.043455 seconds 
========================================================================
Received Import Request.
  Time since last request: 0.000044 seconds.
  path: Assets/Prefabs/DungeonFreeVersion/Materials/_Wall.mat
  artifactKey: Guid(be930766a21145d4b8ea18f22815e0fd) Importer(815301076,1909f56bfc062723c751e8b465ee728b)
Start importing Assets/Prefabs/DungeonFreeVersion/Materials/_Wall.mat using Guid(be930766a21145d4b8ea18f22815e0fd) Importer(815301076,1909f56bfc062723c751e8b465ee728b)  -> (artifact id: '4768505651aec63c9884400afa878262') in 0.018352 seconds 
========================================================================
Received Import Request.
  Time since last request: 0.000043 seconds.
  path: Packages/com.unity.adaptiveperformance/Editor/Profiler/AdaptivePerformanceDetailsView.uxml
  artifactKey: Guid(c2851e53f41bb4d58acd2a56ee33d7a1) Importer(815301076,1909f56bfc062723c751e8b465ee728b)
Start importing Packages/com.unity.adaptiveperformance/Editor/Profiler/AdaptivePerformanceDetailsView.uxml using Guid(c2851e53f41bb4d58acd2a56ee33d7a1) Importer(815301076,1909f56bfc062723c751e8b465ee728b)  -> (artifact id: '011a215185831eae97f8a8b944c45550') in 0.048400 seconds 
========================================================================
Received Import Request.
  Time since last request: 0.001589 seconds.
  path: Packages/com.unity.adaptiveperformance/Editor/DeviceSimulator/AdaptivePerformanceExtension.uss
  artifactKey: Guid(d57e8fd60ca174744b05d96a8e28690c) Importer(815301076,1909f56bfc062723c751e8b465ee728b)
Start importing Packages/com.unity.adaptiveperformance/Editor/DeviceSimulator/AdaptivePerformanceExtension.uss using Guid(d57e8fd60ca174744b05d96a8e28690c) Importer(815301076,1909f56bfc062723c751e8b465ee728b)  -> (artifact id: '7d1c243719526051fdb462733e5eae8f') in 0.027885 seconds 
========================================================================
Received Import Request.
  Time since last request: 0.000034 seconds.
  path: Assets/Adaptive Performance/AdaptivePerformanceGeneralSettings.asset
  artifactKey: Guid(5246c120f889da94abdfc2917cde8006) Importer(815301076,1909f56bfc062723c751e8b465ee728b)
Start importing Assets/Adaptive Performance/AdaptivePerformanceGeneralSettings.asset using Guid(5246c120f889da94abdfc2917cde8006) Importer(815301076,1909f56bfc062723c751e8b465ee728b)  -> (artifact id: '0a1ca1849b3ad4606cfc6cf2c6f9c3b5') in 0.028804 seconds 
========================================================================
Received Import Request.
  Time since last request: 0.000031 seconds.
  path: Packages/com.unity.adaptiveperformance/Editor/Profiler/AdaptivePerformanceScalerElement.uss
  artifactKey: Guid(d2c78a89425a8431a80fd28ab5e43a7a) Importer(815301076,1909f56bfc062723c751e8b465ee728b)
Start importing Packages/com.unity.adaptiveperformance/Editor/Profiler/AdaptivePerformanceScalerElement.uss using Guid(d2c78a89425a8431a80fd28ab5e43a7a) Importer(815301076,1909f56bfc062723c751e8b465ee728b)  -> (artifact id: 'e63fd582e6147ad7c4e9313249d8f8eb') in 0.027812 seconds 
========================================================================
Received Import Request.
  Time since last request: 187.765709 seconds.
  path: Assets/Audios
  artifactKey: Guid(275c583f706e0134baa8ff9d88963389) Importer(815301076,1909f56bfc062723c751e8b465ee728b)
Start importing Assets/Audios using Guid(275c583f706e0134baa8ff9d88963389) Importer(815301076,1909f56bfc062723c751e8b465ee728b)  -> (artifact id: 'c2fc5db5f0feca12fc71f8def2149c39') in 0.011381 seconds 
========================================================================
Received Import Request.
  Time since last request: 10.262820 seconds.
  path: Assets/Audios/Music
  artifactKey: Guid(7ae152951e7f6134193fdf35352f5a4d) Importer(815301076,1909f56bfc062723c751e8b465ee728b)
Start importing Assets/Audios/Music using Guid(7ae152951e7f6134193fdf35352f5a4d) Importer(815301076,1909f56bfc062723c751e8b465ee728b)  -> (artifact id: '36cd50b9a0bc20061bd61da63acf5b82') in 0.009964 seconds 
========================================================================
Received Import Request.
  Time since last request: 22.799190 seconds.
  path: Assets/Audios/Music/TestMusic.mp3
  artifactKey: Guid(718de511e3c839640b9c291aa33a7b7e) Importer(815301076,1909f56bfc062723c751e8b465ee728b)
Start importing Assets/Audios/Music/TestMusic.mp3 using Guid(718de511e3c839640b9c291aa33a7b7e) Importer(815301076,1909f56bfc062723c751e8b465ee728b)  -> (artifact id: '2420768531c18ae062b9652842a5d3d8') in 0.059931 seconds 
========================================================================
Received Prepare
Registering precompiled user dll's ...
Registered in 0.007437 seconds.
Begin MonoManager ReloadAssembly
Symbol file LoadedFromMemory doesn't match image C:\UnityProjects\TI-IV_Hexdungeon\Library\PackageCache\com.unity.visualscripting@1.8.0\Editor\VisualScripting.Core\Dependencies\YamlDotNet\Unity.VisualScripting.YamlDotNet.dll
Symbol file LoadedFromMemory doesn't match image C:\UnityProjects\TI-IV_Hexdungeon\Library\PackageCache\com.unity.visualscripting@1.8.0\Editor\VisualScripting.Core\Dependencies\DotNetZip\Unity.VisualScripting.IonicZip.dll
Native extension for WindowsStandalone target not found
Refreshing native plugins compatible for Editor in 1.95 ms, found 3 plugins.
Preloading 0 native plugins for Editor in 0.00 ms.
Mono: successfully reloaded assembly
- Completed reload, in  2.392 seconds
Domain Reload Profiling:
	ReloadAssembly (2394ms)
		BeginReloadAssembly (210ms)
			ExecutionOrderSort (0ms)
			DisableScriptedObjects (6ms)
			BackupInstance (0ms)
			ReleaseScriptingObjects (0ms)
			CreateAndSetChildDomain (46ms)
		EndReloadAssembly (1971ms)
			LoadAssemblies (166ms)
			RebuildTransferFunctionScriptingTraits (0ms)
			SetupTypeCache (511ms)
			ReleaseScriptCaches (2ms)
			RebuildScriptCaches (122ms)
			SetupLoadedEditorAssemblies (1009ms)
				LogAssemblyErrors (0ms)
				InitializePlatformSupportModulesInManaged (26ms)
				SetLoadedEditorAssemblies (2ms)
				RefreshPlugins (2ms)
				BeforeProcessingInitializeOnLoad (240ms)
				ProcessInitializeOnLoadAttributes (651ms)
				ProcessInitializeOnLoadMethodAttributes (51ms)
				AfterProcessingInitializeOnLoad (36ms)
				EditorAssembliesLoaded (1ms)
			ExecutionOrderSort2 (0ms)
			AwakeInstancesAfterBackupRestoration (16ms)
Platform modules already initialized, skipping
Refreshing native plugins compatible for Editor in 8.29 ms, found 3 plugins.
Preloading 0 native plugins for Editor in 0.00 ms.
Unloading 3368 Unused Serialized files (Serialized files now loaded: 0)
Unloading 31 unused Assets / (128.0 KB). Loaded Objects now: 4022.
Memory consumption went from 159.1 MB to 159.0 MB.
Total: 6.984700 ms (FindLiveObjects: 0.576500 ms CreateObjectMapping: 0.329400 ms MarkObjects: 5.788300 ms  DeleteObjects: 0.288900 ms)

AssetImportParameters requested are different than current active one (requested -> active):
  custom:video-decoder-ogg-theora: a1e56fd34408186e4bbccfd4996cb3dc -> 
  custom:container-muxer-webm: aa71ff27fc2769a1b78a27578f13a17b -> 
  custom:container-demuxer-webm: 4f35f7cbe854078d1ac9338744f61a02 -> 
  custom:video-encoder-webm-vp8: eb34c28f22e8b96e1ab97ce403110664 -> 
  custom:video-codec-MediaFoundation-h265: 746d11721c4dcdbdad8f713fa42b33f4 -> 
  custom:audio-encoder-webm-vorbis: bf7c407c2cedff20999df2af8eb42d56 -> 
  custom:framework-win-MediaFoundation: 216162199b28c13a410421893ffa2e32 -> 
  custom:container-demuxer-ogg: 62fdf1f143b41e24485cea50d1cbac27 -> 
  custom:video-decoder-webm-vp8: 9c59270c3fd7afecdb556c50c9e8de78 -> 
  custom:audio-decoder-ogg-vorbis: bf7c407c2cedff20999df2af8eb42d56 -> 
========================================================================
Received Prepare
Registering precompiled user dll's ...
Registered in 0.006840 seconds.
Begin MonoManager ReloadAssembly
Symbol file LoadedFromMemory doesn't match image C:\UnityProjects\TI-IV_Hexdungeon\Library\PackageCache\com.unity.visualscripting@1.8.0\Editor\VisualScripting.Core\Dependencies\YamlDotNet\Unity.VisualScripting.YamlDotNet.dll
Symbol file LoadedFromMemory doesn't match image C:\UnityProjects\TI-IV_Hexdungeon\Library\PackageCache\com.unity.visualscripting@1.8.0\Editor\VisualScripting.Core\Dependencies\DotNetZip\Unity.VisualScripting.IonicZip.dll
Native extension for WindowsStandalone target not found
Refreshing native plugins compatible for Editor in 1.16 ms, found 3 plugins.
Preloading 0 native plugins for Editor in 0.00 ms.
Mono: successfully reloaded assembly
- Completed reload, in  1.347 seconds
Domain Reload Profiling:
	ReloadAssembly (1348ms)
		BeginReloadAssembly (159ms)
			ExecutionOrderSort (0ms)
			DisableScriptedObjects (6ms)
			BackupInstance (0ms)
			ReleaseScriptingObjects (0ms)
			CreateAndSetChildDomain (33ms)
		EndReloadAssembly (1025ms)
			LoadAssemblies (118ms)
			RebuildTransferFunctionScriptingTraits (0ms)
			SetupTypeCache (289ms)
			ReleaseScriptCaches (1ms)
			RebuildScriptCaches (55ms)
			SetupLoadedEditorAssemblies (484ms)
				LogAssemblyErrors (0ms)
				InitializePlatformSupportModulesInManaged (9ms)
				SetLoadedEditorAssemblies (1ms)
				RefreshPlugins (1ms)
				BeforeProcessingInitializeOnLoad (109ms)
				ProcessInitializeOnLoadAttributes (316ms)
				ProcessInitializeOnLoadMethodAttributes (32ms)
				AfterProcessingInitializeOnLoad (16ms)
				EditorAssembliesLoaded (0ms)
			ExecutionOrderSort2 (0ms)
			AwakeInstancesAfterBackupRestoration (11ms)
Platform modules already initialized, skipping
Refreshing native plugins compatible for Editor in 5.69 ms, found 3 plugins.
Preloading 0 native plugins for Editor in 0.00 ms.
Unloading 3368 Unused Serialized files (Serialized files now loaded: 0)
Unloading 31 unused Assets / (128.0 KB). Loaded Objects now: 4037.
Memory consumption went from 159.2 MB to 159.0 MB.
Total: 3.818900 ms (FindLiveObjects: 0.404000 ms CreateObjectMapping: 0.274800 ms MarkObjects: 2.993900 ms  DeleteObjects: 0.145100 ms)

AssetImportParameters requested are different than current active one (requested -> active):
  custom:video-decoder-ogg-theora: a1e56fd34408186e4bbccfd4996cb3dc -> 
  custom:container-muxer-webm: aa71ff27fc2769a1b78a27578f13a17b -> 
  custom:container-demuxer-webm: 4f35f7cbe854078d1ac9338744f61a02 -> 
  custom:video-encoder-webm-vp8: eb34c28f22e8b96e1ab97ce403110664 -> 
  custom:video-codec-MediaFoundation-h265: 746d11721c4dcdbdad8f713fa42b33f4 -> 
  custom:audio-encoder-webm-vorbis: bf7c407c2cedff20999df2af8eb42d56 -> 
  custom:framework-win-MediaFoundation: 216162199b28c13a410421893ffa2e32 -> 
  custom:container-demuxer-ogg: 62fdf1f143b41e24485cea50d1cbac27 -> 
  custom:video-decoder-webm-vp8: 9c59270c3fd7afecdb556c50c9e8de78 -> 
  custom:audio-decoder-ogg-vorbis: bf7c407c2cedff20999df2af8eb42d56 -> 
========================================================================
Received Import Request.
  Time since last request: 530.360113 seconds.
  path: Assets/Audios/Music/MenuClick.mp3
  artifactKey: Guid(9eba6ca19457b3f45983e778f162016b) Importer(815301076,1909f56bfc062723c751e8b465ee728b)
Start importing Assets/Audios/Music/MenuClick.mp3 using Guid(9eba6ca19457b3f45983e778f162016b) Importer(815301076,1909f56bfc062723c751e8b465ee728b)  -> (artifact id: 'b2b27c2c6ab855141799e6c74171bca0') in 0.069277 seconds 
========================================================================
Received Import Request.
  Time since last request: 71.448725 seconds.
  path: Assets/Scripts/MainMenu/MenuSFX.cs
  artifactKey: Guid(a6216cc44d0bace4ca4bcea0b0318a02) Importer(815301076,1909f56bfc062723c751e8b465ee728b)
Start importing Assets/Scripts/MainMenu/MenuSFX.cs using Guid(a6216cc44d0bace4ca4bcea0b0318a02) Importer(815301076,1909f56bfc062723c751e8b465ee728b)  -> (artifact id: '071f099e5cc96c7d5ebf80acca72fd47') in 0.013824 seconds 
========================================================================
Received Prepare
Registering precompiled user dll's ...
Registered in 0.012542 seconds.
Begin MonoManager ReloadAssembly
Symbol file LoadedFromMemory doesn't match image C:\UnityProjects\TI-IV_Hexdungeon\Library\PackageCache\com.unity.visualscripting@1.8.0\Editor\VisualScripting.Core\Dependencies\YamlDotNet\Unity.VisualScripting.YamlDotNet.dll
Symbol file LoadedFromMemory doesn't match image C:\UnityProjects\TI-IV_Hexdungeon\Library\PackageCache\com.unity.visualscripting@1.8.0\Editor\VisualScripting.Core\Dependencies\DotNetZip\Unity.VisualScripting.IonicZip.dll
Native extension for WindowsStandalone target not found
Refreshing native plugins compatible for Editor in 0.77 ms, found 3 plugins.
Preloading 0 native plugins for Editor in 0.00 ms.
Mono: successfully reloaded assembly
- Completed reload, in  1.354 seconds
Domain Reload Profiling:
	ReloadAssembly (1355ms)
		BeginReloadAssembly (199ms)
			ExecutionOrderSort (0ms)
			DisableScriptedObjects (9ms)
			BackupInstance (0ms)
			ReleaseScriptingObjects (0ms)
			CreateAndSetChildDomain (42ms)
		EndReloadAssembly (1019ms)
			LoadAssemblies (136ms)
			RebuildTransferFunctionScriptingTraits (0ms)
			SetupTypeCache (276ms)
			ReleaseScriptCaches (2ms)
			RebuildScriptCaches (53ms)
			SetupLoadedEditorAssemblies (526ms)
				LogAssemblyErrors (0ms)
				InitializePlatformSupportModulesInManaged (9ms)
				SetLoadedEditorAssemblies (0ms)
				RefreshPlugins (1ms)
				BeforeProcessingInitializeOnLoad (99ms)
				ProcessInitializeOnLoadAttributes (363ms)
				ProcessInitializeOnLoadMethodAttributes (32ms)
				AfterProcessingInitializeOnLoad (21ms)
				EditorAssembliesLoaded (0ms)
			ExecutionOrderSort2 (0ms)
			AwakeInstancesAfterBackupRestoration (13ms)
Platform modules already initialized, skipping
Refreshing native plugins compatible for Editor in 5.58 ms, found 3 plugins.
Preloading 0 native plugins for Editor in 0.00 ms.
Unloading 3369 Unused Serialized files (Serialized files now loaded: 0)
Unloading 31 unused Assets / (127.9 KB). Loaded Objects now: 4053.
Memory consumption went from 159.2 MB to 159.1 MB.
Total: 3.497100 ms (FindLiveObjects: 0.336500 ms CreateObjectMapping: 0.204300 ms MarkObjects: 2.837900 ms  DeleteObjects: 0.117400 ms)

AssetImportParameters requested are different than current active one (requested -> active):
  custom:video-decoder-ogg-theora: a1e56fd34408186e4bbccfd4996cb3dc -> 
  custom:container-muxer-webm: aa71ff27fc2769a1b78a27578f13a17b -> 
  custom:container-demuxer-webm: 4f35f7cbe854078d1ac9338744f61a02 -> 
  custom:video-encoder-webm-vp8: eb34c28f22e8b96e1ab97ce403110664 -> 
  custom:video-codec-MediaFoundation-h265: 746d11721c4dcdbdad8f713fa42b33f4 -> 
  custom:audio-encoder-webm-vorbis: bf7c407c2cedff20999df2af8eb42d56 -> 
  custom:framework-win-MediaFoundation: 216162199b28c13a410421893ffa2e32 -> 
  custom:container-demuxer-ogg: 62fdf1f143b41e24485cea50d1cbac27 -> 
  custom:video-decoder-webm-vp8: 9c59270c3fd7afecdb556c50c9e8de78 -> 
  custom:audio-decoder-ogg-vorbis: bf7c407c2cedff20999df2af8eb42d56 -> 
========================================================================
Received Prepare
Registering precompiled user dll's ...
Registered in 0.014287 seconds.
Begin MonoManager ReloadAssembly
Symbol file LoadedFromMemory doesn't match image C:\UnityProjects\TI-IV_Hexdungeon\Library\PackageCache\com.unity.visualscripting@1.8.0\Editor\VisualScripting.Core\Dependencies\YamlDotNet\Unity.VisualScripting.YamlDotNet.dll
Symbol file LoadedFromMemory doesn't match image C:\UnityProjects\TI-IV_Hexdungeon\Library\PackageCache\com.unity.visualscripting@1.8.0\Editor\VisualScripting.Core\Dependencies\DotNetZip\Unity.VisualScripting.IonicZip.dll
Native extension for WindowsStandalone target not found
Refreshing native plugins compatible for Editor in 1.32 ms, found 3 plugins.
Preloading 0 native plugins for Editor in 0.00 ms.
Mono: successfully reloaded assembly
- Completed reload, in  2.224 seconds
Domain Reload Profiling:
	ReloadAssembly (2226ms)
		BeginReloadAssembly (323ms)
			ExecutionOrderSort (0ms)
			DisableScriptedObjects (12ms)
			BackupInstance (0ms)
			ReleaseScriptingObjects (0ms)
			CreateAndSetChildDomain (69ms)
		EndReloadAssembly (1636ms)
			LoadAssemblies (240ms)
			RebuildTransferFunctionScriptingTraits (0ms)
			SetupTypeCache (471ms)
			ReleaseScriptCaches (2ms)
			RebuildScriptCaches (91ms)
			SetupLoadedEditorAssemblies (796ms)
				LogAssemblyErrors (0ms)
				InitializePlatformSupportModulesInManaged (20ms)
				SetLoadedEditorAssemblies (1ms)
				RefreshPlugins (1ms)
				BeforeProcessingInitializeOnLoad (204ms)
				ProcessInitializeOnLoadAttributes (505ms)
				ProcessInitializeOnLoadMethodAttributes (38ms)
				AfterProcessingInitializeOnLoad (26ms)
				EditorAssembliesLoaded (0ms)
			ExecutionOrderSort2 (0ms)
			AwakeInstancesAfterBackupRestoration (13ms)
Platform modules already initialized, skipping
Refreshing native plugins compatible for Editor in 11.30 ms, found 3 plugins.
Preloading 0 native plugins for Editor in 0.00 ms.
Unloading 3369 Unused Serialized files (Serialized files now loaded: 0)
Unloading 31 unused Assets / (129.0 KB). Loaded Objects now: 4068.
Memory consumption went from 159.2 MB to 159.1 MB.
Total: 7.444200 ms (FindLiveObjects: 0.709500 ms CreateObjectMapping: 0.432700 ms MarkObjects: 6.054700 ms  DeleteObjects: 0.245800 ms)

AssetImportParameters requested are different than current active one (requested -> active):
  custom:video-decoder-ogg-theora: a1e56fd34408186e4bbccfd4996cb3dc -> 
  custom:container-muxer-webm: aa71ff27fc2769a1b78a27578f13a17b -> 
  custom:container-demuxer-webm: 4f35f7cbe854078d1ac9338744f61a02 -> 
  custom:video-encoder-webm-vp8: eb34c28f22e8b96e1ab97ce403110664 -> 
  custom:video-codec-MediaFoundation-h265: 746d11721c4dcdbdad8f713fa42b33f4 -> 
  custom:audio-encoder-webm-vorbis: bf7c407c2cedff20999df2af8eb42d56 -> 
  custom:framework-win-MediaFoundation: 216162199b28c13a410421893ffa2e32 -> 
  custom:container-demuxer-ogg: 62fdf1f143b41e24485cea50d1cbac27 -> 
  custom:video-decoder-webm-vp8: 9c59270c3fd7afecdb556c50c9e8de78 -> 
  custom:audio-decoder-ogg-vorbis: bf7c407c2cedff20999df2af8eb42d56 -> 
========================================================================
Received Import Request.
  Time since last request: 33.217098 seconds.
  path: Assets/Scripts/MainMenu/MenuSFX.cs
  artifactKey: Guid(a6216cc44d0bace4ca4bcea0b0318a02) Importer(815301076,1909f56bfc062723c751e8b465ee728b)
Start importing Assets/Scripts/MainMenu/MenuSFX.cs using Guid(a6216cc44d0bace4ca4bcea0b0318a02) Importer(815301076,1909f56bfc062723c751e8b465ee728b)  -> (artifact id: 'b9fd17ff23964b6aaf92c70cd3c33a11') in 0.010382 seconds 
========================================================================
Received Prepare
Registering precompiled user dll's ...
Registered in 0.011051 seconds.
Begin MonoManager ReloadAssembly
Symbol file LoadedFromMemory doesn't match image C:\UnityProjects\TI-IV_Hexdungeon\Library\PackageCache\com.unity.visualscripting@1.8.0\Editor\VisualScripting.Core\Dependencies\YamlDotNet\Unity.VisualScripting.YamlDotNet.dll
Symbol file LoadedFromMemory doesn't match image C:\UnityProjects\TI-IV_Hexdungeon\Library\PackageCache\com.unity.visualscripting@1.8.0\Editor\VisualScripting.Core\Dependencies\DotNetZip\Unity.VisualScripting.IonicZip.dll
Native extension for WindowsStandalone target not found
Refreshing native plugins compatible for Editor in 2.39 ms, found 3 plugins.
Preloading 0 native plugins for Editor in 0.00 ms.
Mono: successfully reloaded assembly
- Completed reload, in  1.782 seconds
Domain Reload Profiling:
	ReloadAssembly (1783ms)
		BeginReloadAssembly (175ms)
			ExecutionOrderSort (0ms)
			DisableScriptedObjects (6ms)
			BackupInstance (0ms)
			ReleaseScriptingObjects (0ms)
			CreateAndSetChildDomain (41ms)
		EndReloadAssembly (1442ms)
			LoadAssemblies (124ms)
			RebuildTransferFunctionScriptingTraits (0ms)
			SetupTypeCache (444ms)
			ReleaseScriptCaches (2ms)
			RebuildScriptCaches (86ms)
			SetupLoadedEditorAssemblies (648ms)
				LogAssemblyErrors (0ms)
				InitializePlatformSupportModulesInManaged (19ms)
				SetLoadedEditorAssemblies (2ms)
				RefreshPlugins (3ms)
				BeforeProcessingInitializeOnLoad (197ms)
				ProcessInitializeOnLoadAttributes (376ms)
				ProcessInitializeOnLoadMethodAttributes (32ms)
				AfterProcessingInitializeOnLoad (20ms)
				EditorAssembliesLoaded (0ms)
			ExecutionOrderSort2 (0ms)
			AwakeInstancesAfterBackupRestoration (11ms)
Platform modules already initialized, skipping
Refreshing native plugins compatible for Editor in 7.38 ms, found 3 plugins.
Preloading 0 native plugins for Editor in 0.00 ms.
Unloading 3369 Unused Serialized files (Serialized files now loaded: 0)
Unloading 31 unused Assets / (129.2 KB). Loaded Objects now: 4083.
Memory consumption went from 159.2 MB to 159.1 MB.
Total: 4.340400 ms (FindLiveObjects: 0.366600 ms CreateObjectMapping: 0.300800 ms MarkObjects: 3.493700 ms  DeleteObjects: 0.177600 ms)

AssetImportParameters requested are different than current active one (requested -> active):
  custom:video-decoder-ogg-theora: a1e56fd34408186e4bbccfd4996cb3dc -> 
  custom:container-muxer-webm: aa71ff27fc2769a1b78a27578f13a17b -> 
  custom:container-demuxer-webm: 4f35f7cbe854078d1ac9338744f61a02 -> 
  custom:video-encoder-webm-vp8: eb34c28f22e8b96e1ab97ce403110664 -> 
  custom:video-codec-MediaFoundation-h265: 746d11721c4dcdbdad8f713fa42b33f4 -> 
  custom:audio-encoder-webm-vorbis: bf7c407c2cedff20999df2af8eb42d56 -> 
  custom:framework-win-MediaFoundation: 216162199b28c13a410421893ffa2e32 -> 
  custom:container-demuxer-ogg: 62fdf1f143b41e24485cea50d1cbac27 -> 
  custom:video-decoder-webm-vp8: 9c59270c3fd7afecdb556c50c9e8de78 -> 
  custom:audio-decoder-ogg-vorbis: bf7c407c2cedff20999df2af8eb42d56 -> 
========================================================================
Received Import Request.
  Time since last request: 385.093562 seconds.
  path: Assets/Audios/SFX
  artifactKey: Guid(702b02f0e925d3942949c84f0d6fa59c) Importer(815301076,1909f56bfc062723c751e8b465ee728b)
Start importing Assets/Audios/SFX using Guid(702b02f0e925d3942949c84f0d6fa59c) Importer(815301076,1909f56bfc062723c751e8b465ee728b)  -> (artifact id: '20fc013bfce6cc94a41b3b0a0d94ae24') in 0.014243 seconds 
========================================================================
Received Prepare
Registering precompiled user dll's ...
Registered in 0.008257 seconds.
Begin MonoManager ReloadAssembly
Symbol file LoadedFromMemory doesn't match image C:\UnityProjects\TI-IV_Hexdungeon\Library\PackageCache\com.unity.visualscripting@1.8.0\Editor\VisualScripting.Core\Dependencies\YamlDotNet\Unity.VisualScripting.YamlDotNet.dll
Symbol file LoadedFromMemory doesn't match image C:\UnityProjects\TI-IV_Hexdungeon\Library\PackageCache\com.unity.visualscripting@1.8.0\Editor\VisualScripting.Core\Dependencies\DotNetZip\Unity.VisualScripting.IonicZip.dll
Native extension for WindowsStandalone target not found
Refreshing native plugins compatible for Editor in 1.54 ms, found 3 plugins.
Preloading 0 native plugins for Editor in 0.00 ms.
Mono: successfully reloaded assembly
- Completed reload, in  1.790 seconds
Domain Reload Profiling:
	ReloadAssembly (1792ms)
		BeginReloadAssembly (231ms)
			ExecutionOrderSort (0ms)
			DisableScriptedObjects (13ms)
			BackupInstance (0ms)
			ReleaseScriptingObjects (0ms)
			CreateAndSetChildDomain (47ms)
		EndReloadAssembly (1387ms)
			LoadAssemblies (153ms)
			RebuildTransferFunctionScriptingTraits (0ms)
			SetupTypeCache (446ms)
			ReleaseScriptCaches (2ms)
			RebuildScriptCaches (88ms)
			SetupLoadedEditorAssemblies (613ms)
				LogAssemblyErrors (0ms)
				InitializePlatformSupportModulesInManaged (13ms)
				SetLoadedEditorAssemblies (1ms)
				RefreshPlugins (2ms)
				BeforeProcessingInitializeOnLoad (135ms)
				ProcessInitializeOnLoadAttributes (386ms)
				ProcessInitializeOnLoadMethodAttributes (47ms)
				AfterProcessingInitializeOnLoad (29ms)
				EditorAssembliesLoaded (0ms)
			ExecutionOrderSort2 (0ms)
			AwakeInstancesAfterBackupRestoration (14ms)
Platform modules already initialized, skipping
Refreshing native plugins compatible for Editor in 7.51 ms, found 3 plugins.
Preloading 0 native plugins for Editor in 0.00 ms.
Unloading 3369 Unused Serialized files (Serialized files now loaded: 0)
Unloading 31 unused Assets / (128.0 KB). Loaded Objects now: 4098.
Memory consumption went from 159.3 MB to 159.1 MB.
Total: 5.092700 ms (FindLiveObjects: 0.436300 ms CreateObjectMapping: 0.429800 ms MarkObjects: 4.087800 ms  DeleteObjects: 0.137800 ms)

AssetImportParameters requested are different than current active one (requested -> active):
  custom:video-decoder-ogg-theora: a1e56fd34408186e4bbccfd4996cb3dc -> 
  custom:container-muxer-webm: aa71ff27fc2769a1b78a27578f13a17b -> 
  custom:container-demuxer-webm: 4f35f7cbe854078d1ac9338744f61a02 -> 
  custom:video-encoder-webm-vp8: eb34c28f22e8b96e1ab97ce403110664 -> 
  custom:video-codec-MediaFoundation-h265: 746d11721c4dcdbdad8f713fa42b33f4 -> 
  custom:audio-encoder-webm-vorbis: bf7c407c2cedff20999df2af8eb42d56 -> 
  custom:framework-win-MediaFoundation: 216162199b28c13a410421893ffa2e32 -> 
  custom:container-demuxer-ogg: 62fdf1f143b41e24485cea50d1cbac27 -> 
  custom:video-decoder-webm-vp8: 9c59270c3fd7afecdb556c50c9e8de78 -> 
  custom:audio-decoder-ogg-vorbis: bf7c407c2cedff20999df2af8eb42d56 -> 
========================================================================
Received Prepare
Registering precompiled user dll's ...
Registered in 0.008592 seconds.
Begin MonoManager ReloadAssembly
Symbol file LoadedFromMemory doesn't match image C:\UnityProjects\TI-IV_Hexdungeon\Library\PackageCache\com.unity.visualscripting@1.8.0\Editor\VisualScripting.Core\Dependencies\YamlDotNet\Unity.VisualScripting.YamlDotNet.dll
Symbol file LoadedFromMemory doesn't match image C:\UnityProjects\TI-IV_Hexdungeon\Library\PackageCache\com.unity.visualscripting@1.8.0\Editor\VisualScripting.Core\Dependencies\DotNetZip\Unity.VisualScripting.IonicZip.dll
Native extension for WindowsStandalone target not found
Refreshing native plugins compatible for Editor in 1.08 ms, found 3 plugins.
Preloading 0 native plugins for Editor in 0.00 ms.
Mono: successfully reloaded assembly
- Completed reload, in  1.801 seconds
Domain Reload Profiling:
	ReloadAssembly (1802ms)
		BeginReloadAssembly (174ms)
			ExecutionOrderSort (0ms)
			DisableScriptedObjects (6ms)
			BackupInstance (0ms)
			ReleaseScriptingObjects (0ms)
			CreateAndSetChildDomain (38ms)
		EndReloadAssembly (1484ms)
			LoadAssemblies (128ms)
			RebuildTransferFunctionScriptingTraits (0ms)
			SetupTypeCache (401ms)
			ReleaseScriptCaches (2ms)
			RebuildScriptCaches (84ms)
			SetupLoadedEditorAssemblies (742ms)
				LogAssemblyErrors (0ms)
				InitializePlatformSupportModulesInManaged (17ms)
				SetLoadedEditorAssemblies (1ms)
				RefreshPlugins (1ms)
				BeforeProcessingInitializeOnLoad (162ms)
				ProcessInitializeOnLoadAttributes (486ms)
				ProcessInitializeOnLoadMethodAttributes (47ms)
				AfterProcessingInitializeOnLoad (27ms)
				EditorAssembliesLoaded (0ms)
			ExecutionOrderSort2 (0ms)
			AwakeInstancesAfterBackupRestoration (13ms)
Platform modules already initialized, skipping
Refreshing native plugins compatible for Editor in 7.68 ms, found 3 plugins.
Preloading 0 native plugins for Editor in 0.00 ms.
Unloading 3369 Unused Serialized files (Serialized files now loaded: 0)
Unloading 31 unused Assets / (129.0 KB). Loaded Objects now: 4113.
Memory consumption went from 159.3 MB to 159.2 MB.
Total: 6.097800 ms (FindLiveObjects: 0.407700 ms CreateObjectMapping: 0.303100 ms MarkObjects: 5.221800 ms  DeleteObjects: 0.163900 ms)

AssetImportParameters requested are different than current active one (requested -> active):
  custom:video-decoder-ogg-theora: a1e56fd34408186e4bbccfd4996cb3dc -> 
  custom:container-muxer-webm: aa71ff27fc2769a1b78a27578f13a17b -> 
  custom:container-demuxer-webm: 4f35f7cbe854078d1ac9338744f61a02 -> 
  custom:video-encoder-webm-vp8: eb34c28f22e8b96e1ab97ce403110664 -> 
  custom:video-codec-MediaFoundation-h265: 746d11721c4dcdbdad8f713fa42b33f4 -> 
  custom:audio-encoder-webm-vorbis: bf7c407c2cedff20999df2af8eb42d56 -> 
  custom:framework-win-MediaFoundation: 216162199b28c13a410421893ffa2e32 -> 
  custom:container-demuxer-ogg: 62fdf1f143b41e24485cea50d1cbac27 -> 
  custom:video-decoder-webm-vp8: 9c59270c3fd7afecdb556c50c9e8de78 -> 
  custom:audio-decoder-ogg-vorbis: bf7c407c2cedff20999df2af8eb42d56 -> 
========================================================================
Received Prepare
Registering precompiled user dll's ...
Registered in 0.006928 seconds.
Begin MonoManager ReloadAssembly
Symbol file LoadedFromMemory doesn't match image C:\UnityProjects\TI-IV_Hexdungeon\Library\PackageCache\com.unity.visualscripting@1.8.0\Editor\VisualScripting.Core\Dependencies\YamlDotNet\Unity.VisualScripting.YamlDotNet.dll
Symbol file LoadedFromMemory doesn't match image C:\UnityProjects\TI-IV_Hexdungeon\Library\PackageCache\com.unity.visualscripting@1.8.0\Editor\VisualScripting.Core\Dependencies\DotNetZip\Unity.VisualScripting.IonicZip.dll
Native extension for WindowsStandalone target not found
Refreshing native plugins compatible for Editor in 1.45 ms, found 3 plugins.
Preloading 0 native plugins for Editor in 0.00 ms.
Mono: successfully reloaded assembly
- Completed reload, in  1.399 seconds
Domain Reload Profiling:
	ReloadAssembly (1400ms)
		BeginReloadAssembly (185ms)
			ExecutionOrderSort (0ms)
			DisableScriptedObjects (5ms)
			BackupInstance (0ms)
			ReleaseScriptingObjects (0ms)
			CreateAndSetChildDomain (42ms)
		EndReloadAssembly (1071ms)
			LoadAssemblies (124ms)
			RebuildTransferFunctionScriptingTraits (0ms)
			SetupTypeCache (323ms)
			ReleaseScriptCaches (1ms)
			RebuildScriptCaches (63ms)
			SetupLoadedEditorAssemblies (510ms)
				LogAssemblyErrors (0ms)
				InitializePlatformSupportModulesInManaged (10ms)
				SetLoadedEditorAssemblies (1ms)
				RefreshPlugins (2ms)
				BeforeProcessingInitializeOnLoad (118ms)
				ProcessInitializeOnLoadAttributes (329ms)
				ProcessInitializeOnLoadMethodAttributes (32ms)
				AfterProcessingInitializeOnLoad (17ms)
				EditorAssembliesLoaded (0ms)
			ExecutionOrderSort2 (0ms)
			AwakeInstancesAfterBackupRestoration (9ms)
Platform modules already initialized, skipping
Refreshing native plugins compatible for Editor in 5.62 ms, found 3 plugins.
Preloading 0 native plugins for Editor in 0.00 ms.
Unloading 3369 Unused Serialized files (Serialized files now loaded: 0)
Unloading 31 unused Assets / (128.0 KB). Loaded Objects now: 4128.
Memory consumption went from 159.3 MB to 159.2 MB.
Total: 4.419000 ms (FindLiveObjects: 0.326600 ms CreateObjectMapping: 0.307200 ms MarkObjects: 3.648000 ms  DeleteObjects: 0.135800 ms)

AssetImportParameters requested are different than current active one (requested -> active):
  custom:video-decoder-ogg-theora: a1e56fd34408186e4bbccfd4996cb3dc -> 
  custom:container-muxer-webm: aa71ff27fc2769a1b78a27578f13a17b -> 
  custom:container-demuxer-webm: 4f35f7cbe854078d1ac9338744f61a02 -> 
  custom:video-encoder-webm-vp8: eb34c28f22e8b96e1ab97ce403110664 -> 
  custom:video-codec-MediaFoundation-h265: 746d11721c4dcdbdad8f713fa42b33f4 -> 
  custom:audio-encoder-webm-vorbis: bf7c407c2cedff20999df2af8eb42d56 -> 
  custom:framework-win-MediaFoundation: 216162199b28c13a410421893ffa2e32 -> 
  custom:container-demuxer-ogg: 62fdf1f143b41e24485cea50d1cbac27 -> 
  custom:video-decoder-webm-vp8: 9c59270c3fd7afecdb556c50c9e8de78 -> 
  custom:audio-decoder-ogg-vorbis: bf7c407c2cedff20999df2af8eb42d56 -> 
